<?xml version="1.0" encoding="UTF-8"?>
<!-- Generated by org.testng.reporters.JUnitXMLReporter -->
<testsuite hostname="LAPTOP-CPNBCNQ8" ignored="4" name="Test" tests="3" failures="2" timestamp="08 Apr 2021 11:39:27 GMT" time="0.227" errors="0">
  <testcase name="testScript1" time="0.03" classname="com.demo.testscripts.script1"/>
  <testcase name="testScript2" time="0.006" classname="com.demo.testscripts.script2">
    <failure type="java.lang.AssertionError" message="null">
      <![CDATA[java.lang.AssertionError: null
at com.demo.testscripts.script2.testScript2(script2.java:14)
... Removed 31 stack frames]]>
    </failure>
  </testcase> <!-- testScript2 -->
  <testcase name="testScript2" time="0.033" classname="com.demo.testscripts.script2">
    <failure type="java.lang.NullPointerException">
      <![CDATA[java.lang.NullPointerException
at com.demo.util.WebActionUtil.getScreenShot(WebActionUtil.java:453)
at com.demo.listeners.TestListener.onTestFailure(TestListener.java:120)
... Removed 26 stack frames]]>
    </failure>
  </testcase> <!-- testScript2 -->
  <testcase name="@AfterSuite killTask" time="0.0" classname="com.demo.baseutil.BaseTest">
    <ignored/>
  </testcase> <!-- @AfterSuite killTask -->
  <testcase name="@AfterSuite killTask" time="0.0" classname="com.demo.baseutil.BaseTest">
    <ignored/>
  </testcase> <!-- @AfterSuite killTask -->
  <testcase name="@BeforeSuite createFiles" time="0.0" classname="com.demo.baseutil.BaseTest">
    <ignored/>
  </testcase> <!-- @BeforeSuite createFiles -->
  <testcase name="@BeforeSuite createFiles" time="0.0" classname="com.demo.baseutil.BaseTest">
    <ignored/>
  </testcase> <!-- @BeforeSuite createFiles -->
</testsuite> <!-- Test -->
