<?xml version="1.0" encoding="UTF-8"?>
<!-- Generated by org.testng.reporters.JUnitXMLReporter -->
<testsuite hostname="user" ignored="7" name="Demo" tests="8" failures="0" timestamp="2021-10-22T08:20:11 IST" time="15.572" errors="0">
  <testcase name="signUp" time="3.843" classname="tyss_JobPortalWebPractice2.TC001_SignUp"/>
  <testcase name="authentication" time="2.224" classname="tyss_JobPortalWebPractice2.TC002_Authentication"/>
  <testcase name="getAllJobDescription" time="1.499" classname="tyss_JobPortalWebPractice2.TC003_GetAllJobDescription"/>
  <testcase name="addJobDetails" time="1.477" classname="tyss_JobPortalWebPractice2.TC004_AddJobDetails"/>
  <testcase name="findJobDetails" time="1.757" classname="tyss_JobPortalWebPractice2.TC005_FindJobDescription"/>
  <testcase name="updateJobDetails" time="1.488" classname="tyss_JobPortalWebPractice2.TC006_Update_PUT_Details"/>
  <testcase name="updateJobDetails" time="1.654" classname="tyss_JobPortalWebPractice2.TC007_Update_PATCH_Details"/>
  <testcase name="deleteJobDetails" time="1.566" classname="tyss_JobPortalWebPractice2.TC008_DeleteJobDetails"/>
  <testcase name="@BeforeSuite createFiles" time="0.0" classname="com.demo.baseutil.BaseTest">
    <ignored/>
  </testcase> <!-- @BeforeSuite createFiles -->
  <testcase name="@BeforeSuite createFiles" time="0.0" classname="com.demo.baseutil.BaseTest">
    <ignored/>
  </testcase> <!-- @BeforeSuite createFiles -->
  <testcase name="@BeforeSuite createFiles" time="0.0" classname="com.demo.baseutil.BaseTest">
    <ignored/>
  </testcase> <!-- @BeforeSuite createFiles -->
  <testcase name="@BeforeSuite createFiles" time="0.0" classname="com.demo.baseutil.BaseTest">
    <ignored/>
  </testcase> <!-- @BeforeSuite createFiles -->
  <testcase name="@BeforeSuite createFiles" time="0.0" classname="com.demo.baseutil.BaseTest">
    <ignored/>
  </testcase> <!-- @BeforeSuite createFiles -->
  <testcase name="@BeforeSuite createFiles" time="0.0" classname="com.demo.baseutil.BaseTest">
    <ignored/>
  </testcase> <!-- @BeforeSuite createFiles -->
  <testcase name="@BeforeSuite createFiles" time="0.0" classname="com.demo.baseutil.BaseTest">
    <ignored/>
  </testcase> <!-- @BeforeSuite createFiles -->
</testsuite> <!-- Demo -->
