<?xml version="1.0" encoding="UTF-8"?>
<testng-results skipped="0" failed="0" ignored="0" total="1" passed="1">
  <reporter-output>
  </reporter-output>
  <suite name="Default suite" duration-ms="5234" started-at="2021-10-25T13:24:36 IST" finished-at="2021-10-25T13:24:41 IST">
    <groups>
    </groups>
    <test name="Default test" duration-ms="5234" started-at="2021-10-25T13:24:36 IST" finished-at="2021-10-25T13:24:41 IST">
      <class name="tyss_JobPortalWeb.TC002_Authentication">
        <test-method status="PASS" signature="createFiles()[pri:0, instance:tyss_JobPortalWeb.TC002_Authentication@2aa3cd93]" name="createFiles" is-config="true" duration-ms="114" started-at="2021-10-25T13:24:36 IST" finished-at="2021-10-25T13:24:36 IST">
          <reporter-output>
          </reporter-output>
        </test-method> <!-- createFiles -->
        <test-method status="PASS" signature="setExtentReport()[pri:0, instance:tyss_JobPortalWeb.TC002_Authentication@2aa3cd93]" name="setExtentReport" is-config="true" duration-ms="5" started-at="2021-10-25T13:24:36 IST" finished-at="2021-10-25T13:24:36 IST">
          <reporter-output>
          </reporter-output>
        </test-method> <!-- setExtentReport -->
        <test-method status="PASS" signature="createNode(java.lang.reflect.Method)[pri:0, instance:tyss_JobPortalWeb.TC002_Authentication@2aa3cd93]" name="createNode" is-config="true" duration-ms="2" started-at="2021-10-25T13:24:36 IST" finished-at="2021-10-25T13:24:36 IST">
          <params>
            <param index="0">
              <value>
                <![CDATA[public void tyss_JobPortalWeb.TC002_Authentication.authentication() throws java.io.FileNotFoundException,java.io.IOException,org.json.simple.parser.ParseException]]>
              </value>
            </param>
          </params>
          <reporter-output>
          </reporter-output>
        </test-method> <!-- createNode -->
        <test-method status="PASS" signature="authentication()[pri:0, instance:tyss_JobPortalWeb.TC002_Authentication@2aa3cd93]" name="authentication" duration-ms="5192" started-at="2021-10-25T13:24:36 IST" description="Get Token to Perform different action on application" finished-at="2021-10-25T13:24:41 IST">
          <reporter-output>
          </reporter-output>
        </test-method> <!-- authentication -->
      </class> <!-- tyss_JobPortalWeb.TC002_Authentication -->
    </test> <!-- Default test -->
  </suite> <!-- Default suite -->
</testng-results>
